Traceback (most recent call last):
  File "C:\Users\jeffrey.tilton\Anaconda3\envs\jb\lib\site-packages\jupyter_cache\executors\utils.py", line 51, in single_nb_execution
    executenb(
  File "C:\Users\jeffrey.tilton\Anaconda3\envs\jb\lib\site-packages\nbclient\client.py", line 1204, in execute
    return NotebookClient(nb=nb, resources=resources, km=km, **kwargs).execute()
  File "C:\Users\jeffrey.tilton\Anaconda3\envs\jb\lib\site-packages\nbclient\util.py", line 84, in wrapped
    return just_run(coro(*args, **kwargs))
  File "C:\Users\jeffrey.tilton\Anaconda3\envs\jb\lib\site-packages\nbclient\util.py", line 62, in just_run
    return loop.run_until_complete(coro)
  File "C:\Users\jeffrey.tilton\Anaconda3\envs\jb\lib\asyncio\base_events.py", line 646, in run_until_complete
    return future.result()
  File "C:\Users\jeffrey.tilton\Anaconda3\envs\jb\lib\site-packages\nbclient\client.py", line 663, in async_execute
    await self.async_execute_cell(
  File "C:\Users\jeffrey.tilton\Anaconda3\envs\jb\lib\site-packages\nbclient\client.py", line 965, in async_execute_cell
    await self._check_raise_for_error(cell, cell_index, exec_reply)
  File "C:\Users\jeffrey.tilton\Anaconda3\envs\jb\lib\site-packages\nbclient\client.py", line 862, in _check_raise_for_error
    raise CellExecutionError.from_cell_and_msg(cell, exec_reply_content)
nbclient.exceptions.CellExecutionError: An error occurred while executing the following cell:
------------------
from bokeh.io import output_notebook
output_notebook()
------------------

[1;31m---------------------------------------------------------------------------[0m
[1;31mImportError[0m                               Traceback (most recent call last)
File [1;32m~\Anaconda3\envs\bnfrd\lib\site-packages\numpy\core\__init__.py:22[0m, in [0;36m<module>[1;34m[0m
[0;32m     21[0m [38;5;28;01mtry[39;00m:
[1;32m---> 22[0m     [38;5;28;01mfrom[39;00m [38;5;21;01m.[39;00m [38;5;28;01mimport[39;00m multiarray
[0;32m     23[0m [38;5;28;01mexcept[39;00m [38;5;167;01mImportError[39;00m [38;5;28;01mas[39;00m exc:

File [1;32m~\Anaconda3\envs\bnfrd\lib\site-packages\numpy\core\multiarray.py:12[0m, in [0;36m<module>[1;34m[0m
[0;32m     10[0m [38;5;28;01mimport[39;00m [38;5;21;01mwarnings[39;00m
[1;32m---> 12[0m [38;5;28;01mfrom[39;00m [38;5;21;01m.[39;00m [38;5;28;01mimport[39;00m overrides
[0;32m     13[0m [38;5;28;01mfrom[39;00m [38;5;21;01m.[39;00m [38;5;28;01mimport[39;00m _multiarray_umath

File [1;32m~\Anaconda3\envs\bnfrd\lib\site-packages\numpy\core\overrides.py:7[0m, in [0;36m<module>[1;34m[0m
[0;32m      5[0m [38;5;28;01mimport[39;00m [38;5;21;01mtextwrap[39;00m
[1;32m----> 7[0m [38;5;28;01mfrom[39;00m [38;5;21;01mnumpy[39;00m[38;5;21;01m.[39;00m[38;5;21;01mcore[39;00m[38;5;21;01m.[39;00m[38;5;21;01m_multiarray_umath[39;00m [38;5;28;01mimport[39;00m (
[0;32m      8[0m     add_docstring, implement_array_function, _get_implementing_args)
[0;32m      9[0m [38;5;28;01mfrom[39;00m [38;5;21;01mnumpy[39;00m[38;5;21;01m.[39;00m[38;5;21;01mcompat[39;00m[38;5;21;01m.[39;00m[38;5;21;01m_inspect[39;00m [38;5;28;01mimport[39;00m getargspec

[1;31mImportError[0m: DLL load failed while importing _multiarray_umath: The specified module could not be found.

During handling of the above exception, another exception occurred:

[1;31mImportError[0m                               Traceback (most recent call last)
Input [1;32mIn [1][0m, in [0;36m<cell line: 1>[1;34m()[0m
[1;32m----> 1[0m [38;5;28;01mfrom[39;00m [38;5;21;01mbokeh[39;00m[38;5;21;01m.[39;00m[38;5;21;01mio[39;00m [38;5;28;01mimport[39;00m output_notebook
[0;32m      2[0m output_notebook()

File [1;32m~\Anaconda3\envs\bnfrd\lib\site-packages\bokeh\io\__init__.py:24[0m, in [0;36m<module>[1;34m[0m
[0;32m     17[0m log [38;5;241m=[39m logging[38;5;241m.[39mgetLogger([38;5;18m__name__[39m)
[0;32m     19[0m [38;5;66;03m#-----------------------------------------------------------------------------[39;00m
[0;32m     20[0m [38;5;66;03m# Imports[39;00m
[0;32m     21[0m [38;5;66;03m#-----------------------------------------------------------------------------[39;00m
[0;32m     22[0m 
[0;32m     23[0m [38;5;66;03m# Bokeh imports[39;00m
[1;32m---> 24[0m [38;5;28;01mfrom[39;00m [38;5;21;01m.[39;00m[38;5;21;01mdoc[39;00m [38;5;28;01mimport[39;00m curdoc
[0;32m     25[0m [38;5;28;01mfrom[39;00m [38;5;21;01m.[39;00m[38;5;21;01mexport[39;00m [38;5;28;01mimport[39;00m export_png, export_svg, export_svgs
[0;32m     26[0m [38;5;28;01mfrom[39;00m [38;5;21;01m.[39;00m[38;5;21;01mnotebook[39;00m [38;5;28;01mimport[39;00m install_jupyter_hooks, install_notebook_hook, push_notebook

File [1;32m~\Anaconda3\envs\bnfrd\lib\site-packages\bokeh\io\doc.py:29[0m, in [0;36m<module>[1;34m[0m
[0;32m     26[0m [38;5;28;01mfrom[39;00m [38;5;21;01mtyping[39;00m [38;5;28;01mimport[39;00m TYPE_CHECKING, Iterator, List
[0;32m     28[0m [38;5;66;03m# Bokeh imports[39;00m
[1;32m---> 29[0m [38;5;28;01mfrom[39;00m [38;5;21;01m.[39;00m[38;5;21;01mstate[39;00m [38;5;28;01mimport[39;00m curstate
[0;32m     31[0m [38;5;28;01mif[39;00m TYPE_CHECKING:
[0;32m     32[0m     [38;5;28;01mfrom[39;00m [38;5;21;01m.[39;00m[38;5;21;01m.[39;00m[38;5;21;01mdocument[39;00m [38;5;28;01mimport[39;00m Document

File [1;32m~\Anaconda3\envs\bnfrd\lib\site-packages\bokeh\io\state.py:53[0m, in [0;36m<module>[1;34m[0m
[0;32m     51[0m [38;5;66;03m# Bokeh imports[39;00m
[0;32m     52[0m [38;5;28;01mfrom[39;00m [38;5;21;01m.[39;00m[38;5;21;01m.[39;00m[38;5;21;01mcore[39;00m[38;5;21;01m.[39;00m[38;5;21;01mtypes[39;00m [38;5;28;01mimport[39;00m PathLike
[1;32m---> 53[0m [38;5;28;01mfrom[39;00m [38;5;21;01m.[39;00m[38;5;21;01m.[39;00m[38;5;21;01mdocument[39;00m [38;5;28;01mimport[39;00m Document
[0;32m     54[0m [38;5;28;01mfrom[39;00m [38;5;21;01m.[39;00m[38;5;21;01m.[39;00m[38;5;21;01mresources[39;00m [38;5;28;01mimport[39;00m Resources, ResourcesMode
[0;32m     56[0m [38;5;28;01mif[39;00m TYPE_CHECKING:

File [1;32m~\Anaconda3\envs\bnfrd\lib\site-packages\bokeh\document\__init__.py:50[0m, in [0;36m<module>[1;34m[0m
[0;32m     40[0m __all__ [38;5;241m=[39m (
[0;32m     41[0m     [38;5;124m'[39m[38;5;124mDEFAULT_TITLE[39m[38;5;124m'[39m,
[0;32m     42[0m     [38;5;124m'[39m[38;5;124mDocument[39m[38;5;124m'[39m,
[0;32m     43[0m     [38;5;124m'[39m[38;5;124mwithout_document_lock[39m[38;5;124m'[39m,
[0;32m     44[0m )
[0;32m     46[0m [38;5;66;03m#-----------------------------------------------------------------------------[39;00m
[0;32m     47[0m [38;5;66;03m# General API[39;00m
[0;32m     48[0m [38;5;66;03m#-----------------------------------------------------------------------------[39;00m
[1;32m---> 50[0m [38;5;28;01mfrom[39;00m [38;5;21;01m.[39;00m[38;5;21;01mdocument[39;00m [38;5;28;01mimport[39;00m DEFAULT_TITLE ; DEFAULT_TITLE
[0;32m     51[0m [38;5;28;01mfrom[39;00m [38;5;21;01m.[39;00m[38;5;21;01mdocument[39;00m [38;5;28;01mimport[39;00m Document ; Document
[0;32m     52[0m [38;5;28;01mfrom[39;00m [38;5;21;01m.[39;00m[38;5;21;01mlocking[39;00m [38;5;28;01mimport[39;00m without_document_lock ; without_document_lock

File [1;32m~\Anaconda3\envs\bnfrd\lib\site-packages\bokeh\document\document.py:54[0m, in [0;36m<module>[1;34m[0m
[0;32m     51[0m [38;5;28;01mfrom[39;00m [38;5;21;01mjinja2[39;00m [38;5;28;01mimport[39;00m Template
[0;32m     53[0m [38;5;66;03m# Bokeh imports[39;00m
[1;32m---> 54[0m [38;5;28;01mfrom[39;00m [38;5;21;01m.[39;00m[38;5;21;01m.[39;00m[38;5;21;01mcore[39;00m[38;5;21;01m.[39;00m[38;5;21;01menums[39;00m [38;5;28;01mimport[39;00m HoldPolicyType
[0;32m     55[0m [38;5;28;01mfrom[39;00m [38;5;21;01m.[39;00m[38;5;21;01m.[39;00m[38;5;21;01mcore[39;00m[38;5;21;01m.[39;00m[38;5;21;01mhas_props[39;00m [38;5;28;01mimport[39;00m is_DataModel
[0;32m     56[0m [38;5;28;01mfrom[39;00m [38;5;21;01m.[39;00m[38;5;21;01m.[39;00m[38;5;21;01mcore[39;00m[38;5;21;01m.[39;00m[38;5;21;01mjson_encoder[39;00m [38;5;28;01mimport[39;00m serialize_json

File [1;32m~\Anaconda3\envs\bnfrd\lib\site-packages\bokeh\core\enums.py:87[0m, in [0;36m<module>[1;34m[0m
[0;32m     84[0m [38;5;28;01mfrom[39;00m [38;5;21;01mtyping_extensions[39;00m [38;5;28;01mimport[39;00m Literal, get_args
[0;32m     86[0m [38;5;66;03m# Bokeh imports[39;00m
[1;32m---> 87[0m [38;5;28;01mfrom[39;00m [38;5;21;01m.[39;00m[38;5;21;01m.[39;00m [38;5;28;01mimport[39;00m colors, palettes
[0;32m     88[0m [38;5;28;01mfrom[39;00m [38;5;21;01m.[39;00m[38;5;21;01m.[39;00m[38;5;21;01mutil[39;00m[38;5;21;01m.[39;00m[38;5;21;01mstring[39;00m [38;5;28;01mimport[39;00m nice_join
[0;32m     90[0m [38;5;66;03m#-----------------------------------------------------------------------------[39;00m
[0;32m     91[0m [38;5;66;03m# Globals and constants[39;00m
[0;32m     92[0m [38;5;66;03m#-----------------------------------------------------------------------------[39;00m

File [1;32m~\Anaconda3\envs\bnfrd\lib\site-packages\bokeh\palettes.py:360[0m, in [0;36m<module>[1;34m[0m
[0;32m    357[0m [38;5;28;01mfrom[39;00m [38;5;21;01mtyping[39;00m [38;5;28;01mimport[39;00m Dict, List, Tuple
[0;32m    359[0m [38;5;66;03m# External imports[39;00m
[1;32m--> 360[0m [38;5;28;01mimport[39;00m [38;5;21;01mnumpy[39;00m [38;5;28;01mas[39;00m [38;5;21;01mnp[39;00m
[0;32m    362[0m [38;5;66;03m#-----------------------------------------------------------------------------[39;00m
[0;32m    363[0m [38;5;66;03m# Globals and constants[39;00m
[0;32m    364[0m [38;5;66;03m#-----------------------------------------------------------------------------[39;00m
[1;32m   (...)[0m
[0;32m    369[0m [38;5;66;03m# General API[39;00m
[0;32m    370[0m [38;5;66;03m#-----------------------------------------------------------------------------[39;00m
[0;32m    372[0m Palette [38;5;241m=[39m Tuple[[38;5;28mstr[39m, [38;5;241m.[39m[38;5;241m.[39m[38;5;241m.[39m]

File [1;32m~\Anaconda3\envs\bnfrd\lib\site-packages\numpy\__init__.py:150[0m, in [0;36m<module>[1;34m[0m
[0;32m    147[0m [38;5;66;03m# Allow distributors to run custom init code[39;00m
[0;32m    148[0m [38;5;28;01mfrom[39;00m [38;5;21;01m.[39;00m [38;5;28;01mimport[39;00m _distributor_init
[1;32m--> 150[0m [38;5;28;01mfrom[39;00m [38;5;21;01m.[39;00m [38;5;28;01mimport[39;00m core
[0;32m    151[0m [38;5;28;01mfrom[39;00m [38;5;21;01m.[39;00m[38;5;21;01mcore[39;00m [38;5;28;01mimport[39;00m [38;5;241m*[39m
[0;32m    152[0m [38;5;28;01mfrom[39;00m [38;5;21;01m.[39;00m [38;5;28;01mimport[39;00m compat

File [1;32m~\Anaconda3\envs\bnfrd\lib\site-packages\numpy\core\__init__.py:48[0m, in [0;36m<module>[1;34m[0m
[0;32m     24[0m     [38;5;28;01mimport[39;00m [38;5;21;01msys[39;00m
[0;32m     25[0m     msg [38;5;241m=[39m [38;5;124m"""[39m
[0;32m     26[0m 
[0;32m     27[0m [38;5;124mIMPORTANT: PLEASE READ THIS FOR ADVICE ON HOW TO SOLVE THIS ISSUE![39m
[1;32m   (...)[0m
[0;32m     46[0m [38;5;124m"""[39m [38;5;241m%[39m (sys[38;5;241m.[39mversion_info[[38;5;241m0[39m], sys[38;5;241m.[39mversion_info[[38;5;241m1[39m], sys[38;5;241m.[39mexecutable,
[0;32m     47[0m         __version__, exc)
[1;32m---> 48[0m     [38;5;28;01mraise[39;00m [38;5;167;01mImportError[39;00m(msg)
[0;32m     49[0m [38;5;28;01mfinally[39;00m:
[0;32m     50[0m     [38;5;28;01mfor[39;00m envkey [38;5;129;01min[39;00m env_added:

[1;31mImportError[0m: 

IMPORTANT: PLEASE READ THIS FOR ADVICE ON HOW TO SOLVE THIS ISSUE!

Importing the numpy C-extensions failed. This error can happen for
many reasons, often due to issues with your setup or how NumPy was
installed.

We have compiled some common reasons and troubleshooting tips at:

    https://numpy.org/devdocs/user/troubleshooting-importerror.html

Please note and check the following:

  * The Python version is: Python3.8 from "C:\Users\jeffrey.tilton\Anaconda3\envs\bnfrd\python.exe"
  * The NumPy version is: "1.21.5"

and make sure that they are the versions you expect.
Please carefully study the documentation linked above for further help.

Original error was: DLL load failed while importing _multiarray_umath: The specified module could not be found.

ImportError: 

IMPORTANT: PLEASE READ THIS FOR ADVICE ON HOW TO SOLVE THIS ISSUE!

Importing the numpy C-extensions failed. This error can happen for
many reasons, often due to issues with your setup or how NumPy was
installed.

We have compiled some common reasons and troubleshooting tips at:

    https://numpy.org/devdocs/user/troubleshooting-importerror.html

Please note and check the following:

  * The Python version is: Python3.8 from "C:\Users\jeffrey.tilton\Anaconda3\envs\bnfrd\python.exe"
  * The NumPy version is: "1.21.5"

and make sure that they are the versions you expect.
Please carefully study the documentation linked above for further help.

Original error was: DLL load failed while importing _multiarray_umath: The specified module could not be found.


